<?xml version="1.0" encoding="UTF-8"?>
<testng-results ignored="0" total="1" passed="1" failed="0" skipped="0">
  <reporter-output>
  </reporter-output>
  <suite started-at="2024-05-22T20:34:56 IST" name="Default suite" finished-at="2024-05-22T20:35:05 IST" duration-ms="9011">
    <groups>
    </groups>
    <test started-at="2024-05-22T20:34:56 IST" name="Default test" finished-at="2024-05-22T20:35:05 IST" duration-ms="9011">
      <class name="testDeclaration.Basics">
        <test-method signature="launchBrowser()[pri:0, instance:testDeclaration.Basics@506ae4d4]" started-at="2024-05-22T20:34:56 IST" name="launchBrowser" finished-at="2024-05-22T20:35:05 IST" duration-ms="8555" status="PASS">
          <reporter-output>
          </reporter-output>
        </test-method> <!-- launchBrowser -->
        <test-method is-config="true" signature="closeBrowser()[pri:0, instance:testDeclaration.Basics@506ae4d4]" started-at="2024-05-22T20:35:05 IST" name="closeBrowser" finished-at="2024-05-22T20:35:05 IST" duration-ms="368" status="PASS">
          <reporter-output>
          </reporter-output>
        </test-method> <!-- closeBrowser -->
      </class> <!-- testDeclaration.Basics -->
    </test> <!-- Default test -->
  </suite> <!-- Default suite -->
</testng-results>
